<?xml version="1.0" encoding="utf-8"?><testsuites name="pytest tests"><testsuite name="pytest" errors="0" failures="1" skipped="0" tests="16" time="3.294" timestamp="2026-06-07T21:03:45.653705+00:00" hostname="agent-env-3a63a577-f501-4fcc-8d37-20c5d87b5116"><testcase classname="backend.tests.test_gala_api" name="test_health" time="0.284" /><testcase classname="backend.tests.test_gala_api" name="test_public_prizes" time="0.107" /><testcase classname="backend.tests.test_gala_api" name="test_login_and_me" time="0.378" /><testcase classname="backend.tests.test_gala_api" name="test_login_invalid" time="0.164" /><testcase classname="backend.tests.test_gala_api" name="test_public_rsvp_creates" time="0.126" /><testcase classname="backend.tests.test_gala_api" name="test_public_rsvp_honeypot_dropped" time="0.108" /><testcase classname="backend.tests.test_gala_api" name="test_invitations_unauth" time="0.109" /><testcase classname="backend.tests.test_gala_api" name="test_invitations_listed_and_patch" time="0.100" /><testcase classname="backend.tests.test_gala_api" name="test_positions_seeded" time="0.057" /><testcase classname="backend.tests.test_gala_api" name="test_positions_crud" time="0.154" /><testcase classname="backend.tests.test_gala_api" name="test_rbac_juridique_cannot_create_position" time="0.376" /><testcase classname="backend.tests.test_gala_api" name="test_people_and_assignments" time="0.345" /><testcase classname="backend.tests.test_gala_api" name="test_dashboard_stats" time="0.053" /><testcase classname="backend.tests.test_gala_api" name="test_magic_link_request_unknown_email_ok" time="0.104" /><testcase classname="backend.tests.test_gala_api" name="test_logout" time="0.093" /><testcase classname="backend.tests.test_gala_api" name="test_brute_force_429" time="0.395"><failure message="assert 401 == 429&#10; +  where 401 = &lt;Response [401]&gt;.status_code">backend/tests/test_gala_api.py:187: in test_brute_force_429
    assert r.status_code == 429
E   assert 401 == 429
E    +  where 401 = &lt;Response [401]&gt;.status_code</failure></testcase></testsuite></testsuites>