<?xml version="1.0" encoding="utf-8"?><testsuites name="pytest tests"><testsuite name="pytest" errors="0" failures="0" skipped="0" tests="17" time="2.709" timestamp="2026-06-07T22:09:42.473027+00:00" hostname="agent-env-3a63a577-f501-4fcc-8d37-20c5d87b5116"><testcase classname="backend.tests.test_phases_456.TestContractTemplates" name="test_list_templates_returns_7" time="0.597" /><testcase classname="backend.tests.test_phases_456.TestContractCRUD" name="test_create_nda_contract" time="0.124" /><testcase classname="backend.tests.test_phases_456.TestContractCRUD" name="test_get_pdf_returns_valid_pdf" time="0.063" /><testcase classname="backend.tests.test_phases_456.TestContractRBAC" name="test_production_draft_to_juridique_review" time="0.429" /><testcase classname="backend.tests.test_phases_456.TestContractRBAC" name="test_juridique_cannot_send" time="0.387" /><testcase classname="backend.tests.test_phases_456.TestContractRBAC" name="test_juridique_can_approve" time="0.048" /><testcase classname="backend.tests.test_phases_456.TestContractRBAC" name="test_admin_can_send" time="0.054" /><testcase classname="backend.tests.test_phases_456.TestContractRBAC" name="test_admin_can_sign" time="0.050" /><testcase classname="backend.tests.test_phases_456.TestBible" name="test_upload_pdf_as_admin" time="0.093" /><testcase classname="backend.tests.test_phases_456.TestBible" name="test_upload_forbidden_for_production" time="0.049" /><testcase classname="backend.tests.test_phases_456.TestBible" name="test_signed_url_admin" time="0.068" /><testcase classname="backend.tests.test_phases_456.TestBible" name="test_signed_url_production" time="0.048" /><testcase classname="backend.tests.test_phases_456.TestBible" name="test_signed_url_juridique" time="0.050" /><testcase classname="backend.tests.test_phases_456.TestBible" name="test_stream_token_single_use" time="0.297" /><testcase classname="backend.tests.test_phases_456.TestEcosystem" name="test_public_ecosystem_only_visible" time="0.100" /><testcase classname="backend.tests.test_phases_456.TestEcosystem" name="test_admin_ecosystem_full_list" time="0.051" /><testcase classname="backend.tests.test_phases_456.TestDashboardStats" name="test_contracts_counts_present" time="0.105" /></testsuite></testsuites>